<?xml version="1.0" encoding="UTF-8" ?>
<testsuite failures="0" time="0.02" errors="0" skipped="0" tests="1" name="com.scy.scyDataTool.AppTest">
  <properties>
    <property name="java.vendor" value="Sun Microsystems Inc."/>
    <property name="localRepository" value="C:\Users\Marjolaine\.m2\repository"/>
    <property name="sun.java.launcher" value="SUN_STANDARD"/>
    <property name="env.TRACE_FORMAT_SEARCH_PATH" value="\\NTREL202.ntdev.corp.microsoft.com\4F18C3A5-CA09-4DBD-B6FC-219FDD4C6BE0\TraceFormat"/>
    <property name="sun.management.compiler" value="HotSpot Client Compiler"/>
    <property name="env.PROMPT" value="$P$G"/>
    <property name="os.name" value="Windows Vista"/>
    <property name="env.FP_NO_HOST_CHECK" value="NO"/>
    <property name="sun.boot.class.path" value="C:\Program Files\Java\jdk1.6.0_10\jre\lib\resources.jar;C:\Program Files\Java\jdk1.6.0_10\jre\lib\rt.jar;C:\Program Files\Java\jdk1.6.0_10\jre\lib\sunrsasign.jar;C:\Program Files\Java\jdk1.6.0_10\jre\lib\jsse.jar;C:\Program Files\Java\jdk1.6.0_10\jre\lib\jce.jar;C:\Program Files\Java\jdk1.6.0_10\jre\lib\charsets.jar;C:\Program Files\Java\jdk1.6.0_10\jre\classes"/>
    <property name="env.COMPUTERNAME" value="PC-METAH1"/>
    <property name="env.ALLUSERSPROFILE" value="C:\ProgramData"/>
    <property name="sun.desktop" value="windows"/>
    <property name="java.vm.specification.vendor" value="Sun Microsystems Inc."/>
    <property name="java.runtime.version" value="1.6.0_10-b33"/>
    <property name="env.HOMEPATH" value="\Users\Marjolaine"/>
    <property name="user.name" value="Marjolaine"/>
    <property name="user.language" value="fr"/>
    <property name="sun.boot.library.path" value="C:\Program Files\Java\jdk1.6.0_10\jre\bin"/>
    <property name="classworlds.conf" value="C:\Maven\apache-maven-2.0.9\bin\m2.conf"/>
    <property name="java.version" value="1.6.0_10"/>
    <property name="env.PROCESSOR_IDENTIFIER" value="x86 Family 6 Model 23 Stepping 6, GenuineIntel"/>
    <property name="user.timezone" value="Europe/Paris"/>
    <property name="env.TEMP" value="C:\Users\MARJOL~1\AppData\Local\Temp"/>
    <property name="sun.arch.data.model" value="32"/>
    <property name="env.APR_ICONV_PATH" value="C:\Program Files\CollabNet Subversion\httpd\bin\iconv"/>
    <property name="java.endorsed.dirs" value="C:\Program Files\Java\jdk1.6.0_10\jre\lib\endorsed"/>
    <property name="sun.cpu.isalist" value="pentium_pro+mmx pentium_pro pentium+mmx pentium i486 i386 i86"/>
    <property name="env.HOMEDRIVE" value="C:"/>
    <property name="sun.jnu.encoding" value="Cp1252"/>
    <property name="file.encoding.pkg" value="sun.io"/>
    <property name="file.separator" value="\"/>
    <property name="java.specification.name" value="Java Platform API Specification"/>
    <property name="java.class.version" value="50.0"/>
    <property name="user.country" value="FR"/>
    <property name="java.home" value="C:\Program Files\Java\jdk1.6.0_10\jre"/>
    <property name="env.APPDATA" value="C:\Users\Marjolaine\AppData\Roaming"/>
    <property name="env.PUBLIC" value="C:\Users\Public"/>
    <property name="java.vm.info" value="mixed mode, sharing"/>
    <property name="env.ComSpec" value="C:\Windows\system32\cmd.exe"/>
    <property name="env.OS" value="Windows_NT"/>
    <property name="env.CommonProgramFiles" value="C:\Program Files\Common Files"/>
    <property name="os.version" value="6.0"/>
    <property name="path.separator" value=";"/>
    <property name="java.vm.version" value="11.0-b15"/>
    <property name="user.variant" value=""/>
    <property name="env.USERPROFILE" value="C:\Users\Marjolaine"/>
    <property name="env.JAVA_HOME" value="C:\Program Files\Java\jdk1.6.0_10"/>
    <property name="java.awt.printerjob" value="sun.awt.windows.WPrinterJob"/>
    <property name="env.TMP" value="C:\Users\MARJOL~1\AppData\Local\Temp"/>
    <property name="sun.io.unicode.encoding" value="UnicodeLittle"/>
    <property name="awt.toolkit" value="sun.awt.windows.WToolkit"/>
    <property name="user.home" value="C:\Users\Marjolaine"/>
    <property name="env.ProgramData" value="C:\ProgramData"/>
    <property name="env.SESSIONNAME" value="Console"/>
    <property name="java.specification.vendor" value="Sun Microsystems Inc."/>
    <property name="env.M2_HOME" value="C:\Maven\apache-maven-2.0.9"/>
    <property name="env.NUMBER_OF_PROCESSORS" value="2"/>
    <property name="java.library.path" value="C:\Program Files\Java\jdk1.6.0_10\bin;.;C:\Windows\Sun\Java\bin;C:\Windows\system32;C:\Windows;C:\Windows\system32;C:\Windows;C:\Windows\System32\Wbem;C:\Program Files\Intel\DMIX;C:\Program Files\NTRU Cryptosystems\NTRU TCG Software Stack\bin\;C:\Program Files\Wave Systems Corp\Gemalto\Access Client\v5\;%JAVA_HOME%;C:\Maven\apache-maven-2.0.9\bin;C:\Program Files\Ant\apache-ant-1.7.1\bin;C:\Program Files\CollabNet Subversion"/>
    <property name="java.vendor.url" value="http://java.sun.com/"/>
    <property name="env.MAVEN_CMD_LINE_ARGS" value="clean install"/>
    <property name="java.vm.vendor" value="Sun Microsystems Inc."/>
    <property name="maven.home" value="C:\Maven\apache-maven-2.0.9"/>
    <property name="java.runtime.name" value="Java(TM) SE Runtime Environment"/>
    <property name="java.class.path" value="C:\Maven\apache-maven-2.0.9\boot\classworlds-1.1.jar"/>
    <property name="env.DFSTRACINGON" value="FALSE"/>
    <property name="env.MAVEN_JAVA_EXE" value="&quot;C:\Program Files\Java\jdk1.6.0_10\bin\java.exe&quot;"/>
    <property name="java.vm.specification.name" value="Java Virtual Machine Specification"/>
    <property name="env.LOGONSERVER" value="\\PC-METAH1"/>
    <property name="env.windir" value="C:\Windows"/>
    <property name="java.vm.specification.version" value="1.0"/>
    <property name="env.PROCESSOR_ARCHITECTURE" value="x86"/>
    <property name="sun.os.patch.level" value="Service Pack 1"/>
    <property name="sun.cpu.endian" value="little"/>
    <property name="env.HOME" value="C:\Users\Marjolaine"/>
    <property name="env.ProgramFiles" value="C:\Program Files"/>
    <property name="env.ANT_HOME" value="C:\Program Files\Ant\apache-ant-1.7.1"/>
    <property name="surefire.test.class.path" value="C:\Users\Marjolaine\Documents\NetBeansProjects\scyDataTool\target\test-classes;C:\Users\Marjolaine\Documents\NetBeansProjects\scyDataTool\target\classes;C:\Users\Marjolaine\.m2\repository\junit\junit\3.8.1\junit-3.8.1.jar;C:\Users\Marjolaine\.m2\repository\elo-impl\elo-impl\0.0.1-SNAPSHOT\elo-impl-0.0.1-SNAPSHOT.jar;C:\Users\Marjolaine\.m2\repository\net\java\dev\swing-layout\swing-layout\1.0.2\swing-layout-1.0.2.jar;C:\Users\Marjolaine\.m2\repository\org\jdom\jdom\1.1\jdom-1.1.jar;C:\Users\Marjolaine\.m2\repository\iText\iText\2.1.4\iText-2.1.4.jar;C:\Users\Marjolaine\.m2\repository\jfree\jfreechart\1.0.9\jfreechart-1.0.9.jar;C:\Users\Marjolaine\.m2\repository\jfree\jcommon\1.0.12\jcommon-1.0.12.jar;C:\Users\Marjolaine\.m2\repository\eu\scy\tools\fitex\Fitex\1.0\Fitex-1.0.jar;"/>
    <property name="java.io.tmpdir" value="C:\Users\MARJOL~1\AppData\Local\Temp\"/>
    <property name="env.PROCESSOR_REVISION" value="1706"/>
    <property name="java.vendor.url.bug" value="http://java.sun.com/cgi-bin/bugreport.cgi"/>
    <property name="env.SystemRoot" value="C:\Windows"/>
    <property name="java.awt.graphicsenv" value="sun.awt.Win32GraphicsEnvironment"/>
    <property name="os.arch" value="x86"/>
    <property name="java.ext.dirs" value="C:\Program Files\Java\jdk1.6.0_10\jre\lib\ext;C:\Windows\Sun\Java\lib\ext"/>
    <property name="user.dir" value="C:\Users\Marjolaine\Documents\NetBeansProjects\scyDataTool"/>
    <property name="env.LOCALAPPDATA" value="C:\Users\Marjolaine\AppData\Local"/>
    <property name="line.separator" value="
"/>
    <property name="java.vm.name" value="Java HotSpot(TM) Client VM"/>
    <property name="env.CLASSWORLDS_JAR" value="&quot;C:\Maven\apache-maven-2.0.9\boot\classworlds-1.1.jar&quot;"/>
    <property name="env.PATHEXT" value=".COM;.EXE;.BAT;.CMD;.VBS;.VBE;.JS;.JSE;.WSF;.WSH;.MSC"/>
    <property name="env.Path" value="C:\Windows\system32;C:\Windows;C:\Windows\System32\Wbem;C:\Program Files\Intel\DMIX;C:\Program Files\NTRU Cryptosystems\NTRU TCG Software Stack\bin\;C:\Program Files\Wave Systems Corp\Gemalto\Access Client\v5\;%JAVA_HOME%;C:\Maven\apache-maven-2.0.9\bin;C:\Program Files\Ant\apache-ant-1.7.1\bin;C:\Program Files\CollabNet Subversion"/>
    <property name="basedir" value="C:\Users\Marjolaine\Documents\NetBeansProjects\scyDataTool"/>
    <property name="env.ERROR_CODE" value="0"/>
    <property name="env.USERNAME" value="Marjolaine"/>
    <property name="env.SystemDrive" value="C:"/>
    <property name="file.encoding" value="Cp1252"/>
    <property name="env.USERDOMAIN" value="pc-metah1"/>
    <property name="java.specification.version" value="1.6"/>
    <property name="env.PROCESSOR_LEVEL" value="6"/>
  </properties>
  <testcase time="0.003" classname="com.scy.scyDataTool.AppTest" name="testApp"/>
</testsuite>